  wsa_socket_handler.cpp
c:\projects\core\src\strings.h(60): warning C4521: 'core::Str': multiple copy constructors specified
c:\projects\core\src\strings.h(119): warning C4521: 'core::String': multiple copy constructors specified
c:\projects\core\src\logger.h(48): warning C4005: 'LOGGER_OUT': macro redefinition
  c:\projects\core\src\logger.h(47): note: see previous definition of 'LOGGER_OUT'
c:\projects\network\src\wsa_socket_handler.cpp(45): warning C4018: '<': signed/unsigned mismatch
c:\projects\network\src\wsa_socket_handler.cpp(56): warning C4018: '<': signed/unsigned mismatch
  socket_handler.cpp
c:\projects\core\src\strings.h(60): warning C4521: 'core::Str': multiple copy constructors specified
c:\projects\core\src\strings.h(119): warning C4521: 'core::String': multiple copy constructors specified
c:\projects\core\src\logger.h(48): warning C4005: 'LOGGER_OUT': macro redefinition
  c:\projects\core\src\logger.h(47): note: see previous definition of 'LOGGER_OUT'
  socket.cpp
c:\projects\core\src\strings.h(60): warning C4521: 'core::Str': multiple copy constructors specified
c:\projects\core\src\strings.h(119): warning C4521: 'core::String': multiple copy constructors specified
c:\projects\core\src\logger.h(48): warning C4005: 'LOGGER_OUT': macro redefinition
  c:\projects\core\src\logger.h(47): note: see previous definition of 'LOGGER_OUT'
c:\projects\network\src\socket.cpp(92): warning C4996: 'inet_addr': Use inet_pton() or InetPton() instead or define _WINSOCK_DEPRECATED_NO_WARNINGS to disable deprecated API warnings
  c:\program files (x86)\windows kits\8.1\include\um\winsock2.h(1850): note: see declaration of 'inet_addr'
c:\projects\network\src\socket.cpp(573): warning C4996: 'inet_addr': Use inet_pton() or InetPton() instead or define _WINSOCK_DEPRECATED_NO_WARNINGS to disable deprecated API warnings
  c:\program files (x86)\windows kits\8.1\include\um\winsock2.h(1850): note: see declaration of 'inet_addr'
  func.cpp
c:\projects\core\src\strings.h(60): warning C4521: 'core::Str': multiple copy constructors specified
c:\projects\core\src\strings.h(119): warning C4521: 'core::String': multiple copy constructors specified
c:\projects\core\src\logger.h(48): warning C4005: 'LOGGER_OUT': macro redefinition
  c:\projects\core\src\logger.h(47): note: see previous definition of 'LOGGER_OUT'
c:\projects\network\src\func.cpp(30): warning C4996: 'inet_ntoa': Use inet_ntop() or InetNtop() instead or define _WINSOCK_DEPRECATED_NO_WARNINGS to disable deprecated API warnings
  c:\program files (x86)\windows kits\8.1\include\um\winsock2.h(1868): note: see declaration of 'inet_ntoa'
  epoll_handler.cpp
c:\projects\core\src\strings.h(60): warning C4521: 'core::Str': multiple copy constructors specified
c:\projects\core\src\strings.h(119): warning C4521: 'core::String': multiple copy constructors specified
c:\projects\core\src\logger.h(48): warning C4005: 'LOGGER_OUT': macro redefinition
  c:\projects\core\src\logger.h(47): note: see previous definition of 'LOGGER_OUT'
  Generating Code...
epoll_handler.obj : warning LNK4221: This object file does not define any previously undefined public symbols, so it will not be used by any link operation that consumes this library
  network.vcxproj -> C:\projects\cms\vs2015\cms\Debug\network.lib
